<?xml version="1.0" encoding="UTF-8"?>
<!-- Generated by org.testng.reporters.JUnitReportReporter -->
<testsuite hostname="DESKTOP-C00EN1E" failures="0" tests="1" name="login.BothCorrect$CorrectUserName" time="17.415" errors="0" timestamp="2021-06-17T06:36:21 PDT" skipped="0">
  <testcase classname="login.BothCorrect$CorrectUserName" name="logInCorrectName" time="17.415"/>
  <system-out/>
</testsuite> <!-- login.BothCorrect$CorrectUserName -->
