<?xml version="1.0" encoding="UTF-8"?>
<!-- Generated by org.testng.reporters.JUnitReportReporter -->
<testsuite hostname="DESKTOP-C00EN1E" failures="0" tests="4" name="projectlogin.LoginProj" time="125.425" errors="0" timestamp="2021-06-17T09:30:03 PDT" skipped="0">
  <testcase classname="projectlogin.LoginProj" name="logInCorrectName" time="42.862"/>
  <system-out/>
  <testcase classname="projectlogin.LoginProj" name="logInCorrectName" time="32.350"/>
  <system-out/>
  <testcase classname="projectlogin.LoginProj" name="logInCorrectName" time="14.283"/>
  <system-out/>
  <testcase classname="projectlogin.LoginProj" name="logInCorrectName" time="35.930"/>
  <system-out/>
</testsuite> <!-- projectlogin.LoginProj -->
