<?xml version="1.0" encoding="UTF-8"?>
<!-- Generated by org.testng.reporters.JUnitReportReporter -->
<testsuite hostname="DESKTOP-C00EN1E" failures="0" tests="1" name="login.BothIncorrect$CorrectUserName" time="13.162" errors="0" timestamp="2021-06-17T06:36:21 PDT" skipped="0">
  <testcase classname="login.BothIncorrect$CorrectUserName" name="logInwithBothIncorrect" time="13.162"/>
  <system-out/>
</testsuite> <!-- login.BothIncorrect$CorrectUserName -->
