<?xml version="1.0" encoding="UTF-8"?>
<!-- Generated by org.testng.reporters.JUnitReportReporter -->
<testsuite hostname="DESKTOP-C00EN1E" failures="0" tests="1" name="login.CorrectUserName" time="13.271" errors="0" timestamp="2021-06-17T06:36:21 PDT" skipped="0">
  <testcase classname="login.CorrectUserName" name="logInCorrectName" time="13.271"/>
  <system-out/>
</testsuite> <!-- login.CorrectUserName -->
