<?xml version="1.0" encoding="UTF-8"?>
<!-- Generated by org.testng.reporters.JUnitReportReporter -->
<testsuite hostname="DESKTOP-C00EN1E" failures="0" tests="4" name="excelTest.ProjectExcellll" time="14.086" errors="0" timestamp="2021-06-17T11:22:00 PDT" skipped="0">
  <testcase classname="excelTest.ProjectExcellll" name="logInCorrect" time="1.693"/>
  <system-out/>
  <testcase classname="excelTest.ProjectExcellll" name="logInCorrect" time="1.503"/>
  <system-out/>
  <testcase classname="excelTest.ProjectExcellll" name="logInCorrect" time="9.213"/>
  <system-out/>
  <testcase classname="excelTest.ProjectExcellll" name="logInCorrect" time="1.677"/>
  <system-out/>
</testsuite> <!-- excelTest.ProjectExcellll -->
